<?xml version="1.0" encoding="UTF-8"?>
<!-- Generated by org.testng.reporters.JUnitReportReporter -->
<testsuite hostname="DESKTOP-077G3EM" failures="0" tests="10" name="com.GCash_GGivesScripts.GCASHScripts" time="0.000" errors="0" timestamp="2022-09-20T17:37:56 IST" skipped="10">
  <testcase classname="com.GCash_GGivesScripts.GCASHScripts" name="Allowpopup" time="0.000">
    <skipped/>
  </testcase> <!-- Allowpopup -->
  <system-out/>
  <testcase classname="com.GCash_GGivesScripts.GCASHScripts" name="Login" time="0.000">
    <skipped/>
  </testcase> <!-- Login -->
  <system-out/>
  <testcase classname="com.GCash_GGivesScripts.GCASHScripts" name="gGivesHomePage" time="0.000">
    <skipped/>
  </testcase> <!-- gGivesHomePage -->
  <system-out/>
  <testcase classname="com.GCash_GGivesScripts.GCASHScripts" name="gGivesViewPage" time="0.000">
    <skipped/>
  </testcase> <!-- gGivesViewPage -->
  <system-out/>
  <testcase classname="com.GCash_GGivesScripts.GCASHScripts" name="gGivesDashboardPage" time="0.000">
    <skipped/>
  </testcase> <!-- gGivesDashboardPage -->
  <system-out/>
  <testcase classname="com.GCash_GGivesScripts.GCASHScripts" name="gGivesDuesPage" time="0.000">
    <skipped/>
  </testcase> <!-- gGivesDuesPage -->
  <system-out/>
  <testcase classname="com.GCash_GGivesScripts.GCASHScripts" name="gGivesPaymentPage" time="0.000">
    <skipped/>
  </testcase> <!-- gGivesPaymentPage -->
  <system-out/>
  <testcase classname="com.GCash_GGivesScripts.GCASHScripts" name="gCashLogoutPage" time="0.000">
    <skipped/>
  </testcase> <!-- gCashLogoutPage -->
  <system-out/>
  <testcase classname="com.GCash_GGivesScripts.GCASHScripts" name="gSaveLoginPage" time="0.000">
    <skipped/>
  </testcase> <!-- gSaveLoginPage -->
  <system-out/>
  <testcase classname="com.GCash_GGivesScripts.GCASHScripts" name="gSaveTransactionPage" time="0.000">
    <skipped/>
  </testcase> <!-- gSaveTransactionPage -->
  <system-out/>
</testsuite> <!-- com.GCash_GGivesScripts.GCASHScripts -->
