<?xml version="1.0" encoding="UTF-8"?>
<!-- Generated by org.testng.reporters.JUnitReportReporter -->
<testsuite skipped="0" hostname="LAPTOP-7AIFL2R7" name="com.MLWalletScripts.MLWalletScripts" tests="8" failures="0" timestamp="2022-09-03T17:26:51 IST" time="557.812" errors="0">
  <testcase name="Allowpopup" time="2.190" classname="com.MLWalletScripts.MLWalletScripts"/>
  <system-out/>
  <testcase name="Login" time="28.102" classname="com.MLWalletScripts.MLWalletScripts"/>
  <system-out/>
  <testcase name="sendMoney" time="16.816" classname="com.MLWalletScripts.MLWalletScripts"/>
  <system-out/>
  <testcase name="walletTowallet" time="129.343" classname="com.MLWalletScripts.MLWalletScripts"/>
  <system-out/>
  <testcase name="kwartaPadala" time="127.059" classname="com.MLWalletScripts.MLWalletScripts"/>
  <system-out/>
  <testcase name="withdrawMoney" time="62.590" classname="com.MLWalletScripts.MLWalletScripts"/>
  <system-out/>
  <testcase name="receivedMoney" time="47.978" classname="com.MLWalletScripts.MLWalletScripts"/>
  <system-out/>
  <testcase name="WalletNagativeScenario" time="143.734" classname="com.MLWalletScripts.MLWalletScripts"/>
  <system-out/>
</testsuite> <!-- com.MLWalletScripts.MLWalletScripts -->
